Individual 0
Total 1.02037e-14
Individual 1
Total 6.7396e-14
Individual 2
Total 2.11466e-13
Individual 3
Total 5.5103e-13
Individual 4
Total 9.12779e-13
Individual 5
Total 6.99833e-13
Individual 6
Total 2.99743e-13
Individual 7
Total 1.01345e-13
Individual 8
Total 3.16679e-14
Individual 9
Total 9.65335e-15
Individual 10
Total 5.97663e-17
Individual 11
Total 1.77708e-14
Individual 12
Total 1.19015e-13
Individual 13
Total 3.89545e-13
Individual 14
Total 1.13168e-12
Individual 15
Total 2.17045e-12
Individual 16
Total 1.5187e-12
Individual 17
Total 5.66947e-13
Individual 18
Total 1.80614e-13
Individual 19
Total 5.52429e-14
Individual 20
Total 1.67154e-14
Individual 21
Total 1.03098e-16
Individual 22
Total 1.92703e-14
Individual 23
Total 1.36773e-14
Individual 24
Total 8.80026e-14
Individual 25
Total 3.23173e-13
Individual 26
Total 1.31825e-12
Individual 27
Total 6.50523e-12
Individual 28
Total 2.72254e-12
Individual 29
Total 5.95795e-13
Individual 30
Total 1.59292e-13
Individual 31
Total 4.58966e-14
Individual 32
Total 1.36056e-14
Individual 33
Total 4.0794e-15
Individual 34
Total 1.2278e-15
Individual 35
Total 3.64204e-16
Individual 36
Total 8.69055e-17
Individual 37
Total 3.50638e-15
Individual 38
Total 2.27339e-14
Individual 39
Total 8.56321e-14
Individual 40
Total 3.75602e-13
Individual 41
Total 1.87944e-12
Individual 42
Total 8.08547e-13
Individual 43
Total 1.61763e-13
Individual 44
Total 4.14764e-14
Individual 45
Total 1.17836e-14
Individual 46
Total 3.47655e-15
Individual 47
Total 1.0407e-15
Individual 48
Total 3.13052e-16
Individual 49
Total 9.2844e-17
Individual 50
Total 2.21529e-17
