Individual 0
Total 1.93541e-15
Individual 1
Total 0
Individual 2
Total 3.05238e-14
Individual 3
Total 8.32976e-14
Individual 4
Total 1.51502e-13
Individual 5
Total 1.289e-13
Individual 6
Total 5.77204e-14
Individual 7
Total 1.96561e-14
Individual 8
Total 6.11425e-15
Individual 9
Total 1.85074e-15
Individual 10
Total 1.1235e-17
Individual 11
Total 3.36674e-15
Individual 12
Total 0
Individual 13
Total 5.58403e-14
Individual 14
Total 1.68411e-13
Individual 15
Total 3.59386e-13
Individual 16
Total 2.88399e-13
Individual 17
Total 1.10993e-13
Individual 18
Total 3.52472e-14
Individual 19
Total 1.0689e-14
Individual 20
Total 3.20704e-15
Individual 21
Total 1.93807e-17
Individual 22
Total 3.64452e-15
Individual 23
Total 2.58323e-15
Individual 24
Total 3.83037e-17
Individual 25
Total 4.54064e-14
Individual 26
Total 1.84584e-13
Individual 27
Total 9.56917e-13
Individual 28
Total 6.04261e-13
Individual 29
Total 1.2282e-13
Individual 30
Total 3.16548e-14
Individual 31
Total 8.93912e-15
Individual 32
Total 2.617e-15
Individual 33
Total 7.77892e-16
Individual 34
Total 2.3263e-16
Individual 35
Total 6.86775e-17
Individual 36
Total 1.6339e-17
Individual 37
Total 6.61782e-16
Individual 38
Total 9.92597e-18
Individual 39
Total 1.19786e-14
Individual 40
Total 5.19798e-14
Individual 41
Total 2.82444e-13
Individual 42
Total 1.80503e-13
Individual 43
Total 3.37384e-14
Individual 44
Total 8.27607e-15
Individual 45
Total 2.29823e-15
Individual 46
Total 6.69021e-16
Individual 47
Total 1.9848e-16
Individual 48
Total 5.93169e-17
Individual 49
Total 1.75078e-17
Individual 50
Total 4.16498e-18
