Individual 0
Total 3.36504e-15
Individual 1
Total 1.43458e-14
Individual 2
Total 1.33598e-14
Individual 3
Total 3.08833e-14
Individual 4
Total 2.19623e-14
Individual 5
Total 4.24773e-14
Individual 6
Total 2.56311e-14
Individual 7
Total 4.24773e-14
Individual 8
Total 2.19623e-14
Individual 9
Total 3.08833e-14
Individual 10
Total 1.33598e-14
Individual 11
Total 1.43458e-14
Individual 12
Total 3.36504e-15
Individual 13
Total 8.48162e-15
Individual 14
Total 2.75461e-14
Individual 15
Total 3.39421e-14
Individual 16
Total 6.03445e-14
Individual 17
Total 5.65968e-14
Individual 18
Total 8.46657e-14
Individual 19
Total 6.65891e-14
Individual 20
Total 8.46657e-14
Individual 21
Total 5.65968e-14
Individual 22
Total 6.03445e-14
Individual 23
Total 3.39421e-14
Individual 24
Total 2.75461e-14
Individual 25
Total 8.48162e-15
Individual 26
Total 1.37155e-14
Individual 27
Total 4.08588e-14
Individual 28
Total 5.57248e-14
Individual 29
Total 9.21584e-14
Individual 30
Total 9.56635e-14
Individual 31
Total 1.3423e-13
Individual 32
Total 1.1459e-13
Individual 33
Total 1.3423e-13
Individual 34
Total 9.56635e-14
Individual 35
Total 9.21584e-14
Individual 36
Total 5.57248e-14
Individual 37
Total 4.08588e-14
Individual 38
Total 1.37155e-14
Individual 39
Total 1.89537e-14
Individual 40
Total 5.44386e-14
Individual 41
Total 7.87378e-14
Individual 42
Total 1.28184e-13
Individual 43
Total 1.41924e-13
Individual 44
Total 2.00162e-13
Individual 45
Total 1.76178e-13
Individual 46
Total 2.00162e-13
Individual 47
Total 1.41924e-13
Individual 48
Total 1.28184e-13
Individual 49
Total 7.87378e-14
Individual 50
Total 5.44386e-14
Individual 51
Total 1.89537e-14
Individual 52
Total 2.38397e-14
Individual 53
Total 6.64035e-14
Individual 54
Total 1.01762e-13
Individual 55
Total 1.64588e-13
Individual 56
Total 1.97594e-13
Individual 57
Total 2.8802e-13
Individual 58
Total 2.63322e-13
Individual 59
Total 2.8802e-13
Individual 60
Total 1.97594e-13
Individual 61
Total 1.64588e-13
Individual 62
Total 1.01762e-13
Individual 63
Total 6.64035e-14
Individual 64
Total 2.38397e-14
Individual 65
Total 2.77689e-14
Individual 66
Total 7.52463e-14
Individual 67
Total 1.2166e-13
Individual 68
Total 1.95475e-13
Individual 69
Total 2.59584e-13
Individual 70
Total 3.89723e-13
Individual 71
Total 3.84799e-13
Individual 72
Total 3.89723e-13
Individual 73
Total 2.59584e-13
Individual 74
Total 1.95475e-13
Individual 75
Total 1.2166e-13
Individual 76
Total 7.52463e-14
Individual 77
Total 2.77689e-14
Individual 78
Total 3.00529e-14
Individual 79
Total 7.88602e-14
Individual 80
Total 1.33676e-13
Individual 81
Total 2.08281e-13
Individual 82
Total 3.056e-13
Individual 83
Total 4.37709e-13
Individual 84
Total 4.37709e-13
Individual 85
Total 3.056e-13
Individual 86
Total 2.08281e-13
Individual 87
Total 1.33676e-13
Individual 88
Total 7.88602e-14
Individual 89
Total 3.00529e-14
Individual 90
Total 3.02488e-14
Individual 91
Total 7.64502e-14
Individual 92
Total 1.34037e-13
Individual 93
Total 1.96431e-13
Individual 94
Total 3.02806e-13
Individual 95
Total 3.83296e-13
Individual 96
Total 4.8057e-13
Individual 97
Total 3.83296e-13
Individual 98
Total 3.02806e-13
Individual 99
Total 1.96431e-13
Individual 100
Total 1.34037e-13
Individual 101
Total 7.64502e-14
Individual 102
Total 3.02488e-14
Individual 103
Total 2.84368e-14
Individual 104
Total 6.9268e-14
Individual 105
Total 1.23304e-13
Individual 106
Total 1.68718e-13
Individual 107
Total 2.55872e-13
Individual 108
Total 2.87155e-13
Individual 109
Total 3.69465e-13
Individual 110
Total 2.87155e-13
Individual 111
Total 2.55872e-13
Individual 112
Total 1.68718e-13
Individual 113
Total 1.23304e-13
Individual 114
Total 6.9268e-14
Individual 115
Total 2.84368e-14
Individual 116
Total 2.51894e-14
Individual 117
Total 5.91659e-14
Individual 118
Total 1.05942e-13
Individual 119
Total 1.36174e-13
Individual 120
Total 1.99356e-13
Individual 121
Total 2.06716e-13
Individual 122
Total 2.59065e-13
Individual 123
Total 2.06716e-13
Individual 124
Total 1.99356e-13
Individual 125
Total 1.36174e-13
Individual 126
Total 1.05942e-13
Individual 127
Total 5.91659e-14
Individual 128
Total 2.51894e-14
Individual 129
Total 2.12654e-14
Individual 130
Total 4.86681e-14
Individual 131
Total 8.67821e-14
Individual 132
Total 1.07062e-13
Individual 133
Total 1.51638e-13
Individual 134
Total 1.52068e-13
Individual 135
Total 1.8469e-13
Individual 136
Total 1.52068e-13
Individual 137
Total 1.51638e-13
Individual 138
Total 1.07062e-13
Individual 139
Total 8.67821e-14
Individual 140
Total 4.86681e-14
Individual 141
Total 2.12654e-14
Individual 142
Total 1.73026e-14
Individual 143
Total 3.87476e-14
Individual 144
Total 6.88747e-14
Individual 145
Total 8.24275e-14
Individual 146
Total 1.14493e-13
Individual 147
Total 1.1253e-13
Individual 148
Total 1.34862e-13
Individual 149
Total 1.1253e-13
Individual 150
Total 1.14493e-13
Individual 151
Total 8.24275e-14
Individual 152
Total 6.88747e-14
Individual 153
Total 3.87476e-14
Individual 154
Total 1.73026e-14
Individual 155
Total 1.36898e-14
Individual 156
Total 5.34938e-14
Individual 157
Total 8.60713e-14
Individual 158
Total 9.95085e-14
Individual 159
Total 8.60713e-14
Individual 160
Total 5.34938e-14
Individual 161
Total 1.36898e-14
