Individual 0
Total 1.5239e-09
Individual 1
Total 7.19232e-09
Individual 2
Total 7.06856e-09
Individual 3
Total 1.92766e-08
Individual 4
Total 1.42461e-08
Individual 5
Total 3.16408e-08
Individual 6
Total 1.81798e-08
Individual 7
Total 3.16408e-08
Individual 8
Total 1.42461e-08
Individual 9
Total 1.92766e-08
Individual 10
Total 7.06856e-09
Individual 11
Total 7.19232e-09
Individual 12
Total 1.5239e-09
Individual 13
Total 4.24511e-09
Individual 14
Total 1.60889e-08
Individual 15
Total 2.05086e-08
Individual 16
Total 4.67329e-08
Individual 17
Total 4.39801e-08
Individual 18
Total 8.28669e-08
Individual 19
Total 5.79117e-08
Individual 20
Total 8.28669e-08
Individual 21
Total 4.39801e-08
Individual 22
Total 4.67329e-08
Individual 23
Total 2.05086e-08
Individual 24
Total 1.60889e-08
Individual 25
Total 4.24511e-09
Individual 26
Total 8.09285e-09
Individual 27
Total 2.94014e-08
Individual 28
Total 4.20905e-08
Individual 29
Total 9.68039e-08
Individual 30
Total 1.01438e-07
Individual 31
Total 1.94994e-07
Individual 32
Total 1.41988e-07
Individual 33
Total 1.94994e-07
Individual 34
Total 1.01438e-07
Individual 35
Total 9.68039e-08
Individual 36
Total 4.20905e-08
Individual 37
Total 2.94014e-08
Individual 38
Total 8.09285e-09
Individual 39
Total 1.36549e-08
Individual 40
Total 4.98703e-08
Individual 41
Total 7.87633e-08
Individual 42
Total 1.95181e-07
Individual 43
Total 2.26195e-07
Individual 44
Total 4.85084e-07
Individual 45
Total 3.51181e-07
Individual 46
Total 4.85084e-07
Individual 47
Total 2.26195e-07
Individual 48
Total 1.95181e-07
Individual 49
Total 7.87633e-08
Individual 50
Total 4.98703e-08
Individual 51
Total 1.36549e-08
Individual 52
Total 2.10565e-08
Individual 53
Total 7.65198e-08
Individual 54
Total 1.37568e-07
Individual 55
Total 3.67324e-07
Individual 56
Total 5.07612e-07
Individual 57
Total 1.28188e-06
Individual 58
Total 9.56671e-07
Individual 59
Total 1.28188e-06
Individual 60
Total 5.07612e-07
Individual 61
Total 3.67324e-07
Individual 62
Total 1.37568e-07
Individual 63
Total 7.65198e-08
Individual 64
Total 2.10565e-08
Individual 65
Total 2.93334e-08
Individual 66
Total 1.05057e-07
Individual 67
Total 2.17561e-07
Individual 68
Total 6.26011e-07
Individual 69
Total 1.12581e-06
Individual 70
Total 3.24706e-06
Individual 71
Total 2.77927e-06
Individual 72
Total 3.24706e-06
Individual 73
Total 1.12581e-06
Individual 74
Total 6.26011e-07
Individual 75
Total 2.17561e-07
Individual 76
Total 1.05057e-07
Individual 77
Total 2.93334e-08
Individual 78
Total 3.61066e-08
Individual 79
Total 1.24127e-07
Individual 80
Total 2.95581e-07
Individual 81
Total 8.57356e-07
Individual 82
Total 2.0946e-06
Individual 83
Total 5.64461e-06
Individual 84
Total 5.64461e-06
Individual 85
Total 2.0946e-06
Individual 86
Total 8.57356e-07
Individual 87
Total 2.95581e-07
Individual 88
Total 1.24127e-07
Individual 89
Total 3.61066e-08
Individual 90
Total 3.85419e-08
Individual 91
Total 1.23329e-07
Individual 92
Total 3.26672e-07
Individual 93
Total 8.46044e-07
Individual 94
Total 2.59755e-06
Individual 95
Total 5.51521e-06
Individual 96
Total 8.22536e-06
Individual 97
Total 5.51521e-06
Individual 98
Total 2.59755e-06
Individual 99
Total 8.46044e-07
Individual 100
Total 3.26672e-07
Individual 101
Total 1.23329e-07
Individual 102
Total 3.85419e-08
Individual 103
Total 3.54503e-08
Individual 104
Total 1.0351e-07
Individual 105
Total 2.87157e-07
Individual 106
Total 6.08312e-07
Individual 107
Total 1.96824e-06
Individual 108
Total 3.08372e-06
Individual 109
Total 5.78908e-06
Individual 110
Total 3.08372e-06
Individual 111
Total 1.96824e-06
Individual 112
Total 6.08312e-07
Individual 113
Total 2.87157e-07
Individual 114
Total 1.0351e-07
Individual 115
Total 3.54503e-08
Individual 116
Total 2.83553e-08
Individual 117
Total 7.45798e-08
Individual 118
Total 2.06722e-07
Individual 119
Total 3.51338e-07
Individual 120
Total 1.01958e-06
Individual 121
Total 1.18786e-06
Individual 122
Total 2.43206e-06
Individual 123
Total 1.18786e-06
Individual 124
Total 1.01958e-06
Individual 125
Total 3.51338e-07
Individual 126
Total 2.06722e-07
Individual 127
Total 7.45798e-08
Individual 128
Total 2.83553e-08
Individual 129
Total 2.01554e-08
Individual 130
Total 4.85588e-08
Individual 131
Total 1.29069e-07
Individual 132
Total 1.86437e-07
Individual 133
Total 4.5721e-07
Individual 134
Total 4.53001e-07
Individual 135
Total 8.33834e-07
Individual 136
Total 4.53001e-07
Individual 137
Total 4.5721e-07
Individual 138
Total 1.86437e-07
Individual 139
Total 1.29069e-07
Individual 140
Total 4.85588e-08
Individual 141
Total 2.01554e-08
Individual 142
Total 1.30849e-08
Individual 143
Total 2.92148e-08
Individual 144
Total 7.3866e-08
Individual 145
Total 9.42694e-08
Individual 146
Total 2.05292e-07
Individual 147
Total 1.86786e-07
Individual 148
Total 3.12627e-07
Individual 149
Total 1.86786e-07
Individual 150
Total 2.05292e-07
Individual 151
Total 9.42694e-08
Individual 152
Total 7.3866e-08
Individual 153
Total 2.92148e-08
Individual 154
Total 1.30849e-08
Individual 155
Total 7.96925e-09
Individual 156
Total 4.04152e-08
Individual 157
Total 9.42409e-08
Individual 158
Total 1.29929e-07
Individual 159
Total 9.42409e-08
Individual 160
Total 4.04152e-08
Individual 161
Total 7.96925e-09
