Individual 0
Total 2.01167e-14
Individual 1
Total 8.5767e-14
Individual 2
Total 8.00405e-14
Individual 3
Total 1.85245e-13
Individual 4
Total 1.32053e-13
Individual 5
Total 2.55666e-13
Individual 6
Total 1.54408e-13
Individual 7
Total 2.55666e-13
Individual 8
Total 1.32053e-13
Individual 9
Total 1.85245e-13
Individual 10
Total 8.00405e-14
Individual 11
Total 8.5767e-14
Individual 12
Total 2.01167e-14
Individual 13
Total 5.06008e-14
Individual 14
Total 1.64214e-13
Individual 15
Total 2.02967e-13
Individual 16
Total 3.61085e-13
Individual 17
Total 3.39846e-13
Individual 18
Total 5.08884e-13
Individual 19
Total 4.00804e-13
Individual 20
Total 5.08884e-13
Individual 21
Total 3.39846e-13
Individual 22
Total 3.61085e-13
Individual 23
Total 2.02967e-13
Individual 24
Total 1.64214e-13
Individual 25
Total 5.06008e-14
Individual 26
Total 8.15132e-14
Individual 27
Total 2.42448e-13
Individual 28
Total 3.32007e-13
Individual 29
Total 5.49214e-13
Individual 30
Total 5.7297e-13
Individual 31
Total 8.05089e-13
Individual 32
Total 6.88745e-13
Individual 33
Total 8.05089e-13
Individual 34
Total 5.7297e-13
Individual 35
Total 5.49214e-13
Individual 36
Total 3.32007e-13
Individual 37
Total 2.42448e-13
Individual 38
Total 8.15132e-14
Individual 39
Total 1.12009e-13
Individual 40
Total 3.20855e-13
Individual 41
Total 4.66458e-13
Individual 42
Total 7.58896e-13
Individual 43
Total 8.46521e-13
Individual 44
Total 1.19762e-12
Individual 45
Total 1.05732e-12
Individual 46
Total 1.19762e-12
Individual 47
Total 8.46521e-13
Individual 48
Total 7.58896e-13
Individual 49
Total 4.66458e-13
Individual 50
Total 3.20855e-13
Individual 51
Total 1.12009e-13
Individual 52
Total 1.39843e-13
Individual 53
Total 3.88055e-13
Individual 54
Total 5.97983e-13
Individual 55
Total 9.64726e-13
Individual 56
Total 1.1708e-12
Individual 57
Total 1.7231e-12
Individual 58
Total 1.58378e-12
Individual 59
Total 1.7231e-12
Individual 60
Total 1.1708e-12
Individual 61
Total 9.64726e-13
Individual 62
Total 5.97983e-13
Individual 63
Total 3.88055e-13
Individual 64
Total 1.39843e-13
Individual 65
Total 1.61459e-13
Individual 66
Total 4.35303e-13
Individual 67
Total 7.07229e-13
Individual 68
Total 1.12907e-12
Individual 69
Total 1.52179e-12
Individual 70
Total 2.31794e-12
Individual 71
Total 2.3284e-12
Individual 72
Total 2.31794e-12
Individual 73
Total 1.52179e-12
Individual 74
Total 1.12907e-12
Individual 75
Total 7.07229e-13
Individual 76
Total 4.35303e-13
Individual 77
Total 1.61459e-13
Individual 78
Total 1.73083e-13
Individual 79
Total 4.51438e-13
Individual 80
Total 7.67255e-13
Individual 81
Total 1.18192e-12
Individual 82
Total 1.75602e-12
Individual 83
Total 2.52347e-12
Individual 84
Total 2.52347e-12
Individual 85
Total 1.75602e-12
Individual 86
Total 1.18192e-12
Individual 87
Total 7.67255e-13
Individual 88
Total 4.51438e-13
Individual 89
Total 1.73083e-13
Individual 90
Total 1.7263e-13
Individual 91
Total 4.33525e-13
Individual 92
Total 7.59947e-13
Individual 93
Total 1.0982e-12
Individual 94
Total 1.69227e-12
Individual 95
Total 2.11317e-12
Individual 96
Total 2.72375e-12
Individual 97
Total 2.11317e-12
Individual 98
Total 1.69227e-12
Individual 99
Total 1.0982e-12
Individual 100
Total 7.59947e-13
Individual 101
Total 4.33525e-13
Individual 102
Total 1.7263e-13
Individual 103
Total 1.61058e-13
Individual 104
Total 3.90122e-13
Individual 105
Total 6.92698e-13
Individual 106
Total 9.36567e-13
Individual 107
Total 1.40461e-12
Individual 108
Total 1.55358e-12
Individual 109
Total 2.00304e-12
Individual 110
Total 1.55358e-12
Individual 111
Total 1.40461e-12
Individual 112
Total 9.36567e-13
Individual 113
Total 6.92698e-13
Individual 114
Total 3.90122e-13
Individual 115
Total 1.61058e-13
Individual 116
Total 1.41894e-13
Individual 117
Total 3.31847e-13
Individual 118
Total 5.92078e-13
Individual 119
Total 7.54764e-13
Individual 120
Total 1.09292e-12
Individual 121
Total 1.12559e-12
Individual 122
Total 1.39766e-12
Individual 123
Total 1.12559e-12
Individual 124
Total 1.09292e-12
Individual 125
Total 7.54764e-13
Individual 126
Total 5.92078e-13
Individual 127
Total 3.31847e-13
Individual 128
Total 1.41894e-13
Individual 129
Total 1.19418e-13
Individual 130
Total 2.72529e-13
Individual 131
Total 4.84125e-13
Individual 132
Total 5.94218e-13
Individual 133
Total 8.34984e-13
Individual 134
Total 8.35241e-13
Individual 135
Total 1.0079e-12
Individual 136
Total 8.35241e-13
Individual 137
Total 8.34984e-13
Individual 138
Total 5.94218e-13
Individual 139
Total 4.84125e-13
Individual 140
Total 2.72529e-13
Individual 141
Total 1.19418e-13
Individual 142
Total 9.70563e-14
Individual 143
Total 2.17014e-13
Individual 144
Total 3.84416e-13
Individual 145
Total 4.58775e-13
Individual 146
Total 6.33497e-13
Individual 147
Total 6.22275e-13
Individual 148
Total 7.42503e-13
Individual 149
Total 6.22275e-13
Individual 150
Total 6.33497e-13
Individual 151
Total 4.58775e-13
Individual 152
Total 3.84416e-13
Individual 153
Total 2.17014e-13
Individual 154
Total 9.70563e-14
Individual 155
Total 7.68198e-14
Individual 156
Total 2.99109e-13
Individual 157
Total 4.78514e-13
Individual 158
Total 5.51559e-13
Individual 159
Total 4.78514e-13
Individual 160
Total 2.99109e-13
Individual 161
Total 7.68198e-14
